* using log directory ‘/Users/justinng/hw-stat133/dieroller/hw05/dieroller.Rcheck’
* using R version 3.4.3 (2017-11-30)
* using platform: x86_64-apple-darwin15.6.0 (64-bit)
* using session charset: UTF-8
* checking for file ‘dieroller/DESCRIPTION’ ... OK
* checking extension type ... Package
* this is package ‘dieroller’ version ‘0.1.0’
* package encoding: UTF-8
* checking package namespace information ... OK
* checking package dependencies ... OK
* checking if this is a source package ... OK
* checking if there is a namespace ... OK
* checking for executable files ... OK
* checking for hidden files and directories ... OK
* checking for portable file names ... OK
* checking for sufficient/correct file permissions ... OK
* checking whether package ‘dieroller’ can be installed ... ERROR
Installation failed.
See ‘/Users/justinng/hw-stat133/dieroller/hw05/dieroller.Rcheck/00install.out’ for details.
* DONE
Status: 1 ERROR
